<?xml version="1.0" encoding="UTF-8"?>
<testsuite name="com.dunky.vertex.vertex_starter.json.JsonObjectExampleTest" tests="1" skipped="0" failures="0" errors="0" timestamp="2024-11-03T00:57:44" hostname="DUNKY-KALIGS" time="0.232">
  <properties/>
  <testcase name="jsonArrayCanBeMapped()" classname="com.dunky.vertex.vertex_starter.json.JsonObjectExampleTest" time="0.232"/>
  <system-out><![CDATA[]]></system-out>
  <system-err><![CDATA[]]></system-err>
</testsuite>
